<?xml version="1.0" encoding="UTF-8"?>
<!-- Generated by org.testng.reporters.JUnitReportReporter -->
<testsuite hostname="Gurpreets-MacBook.local" name="com.newmaven.BaseClass" tests="1" failures="0" timestamp="29 Dec 2018 17:08:08 GMT" time="5.607" errors="0">
  <testcase name="setup" time="5.607" classname="com.newmaven.BaseClass"/>
</testsuite> <!-- com.newmaven.BaseClass -->
